<?xml version="1.0" encoding="UTF-8"?>
<!-- Generated by org.testng.reporters.JUnitReportReporter -->
<testsuite hostname="LAPTOP-UIF2ROIV" failures="0" tests="2" name="Academy.E2EProject.homepageNavigation" time="14.027" errors="0" timestamp="2020-10-28T19:06:09 IST" skipped="0">
  <testcase classname="Academy.E2EProject.homepageNavigation" name="homepagenavigation" time="6.531"/>
  <system-out/>
  <testcase classname="Academy.E2EProject.homepageNavigation" name="homepagenavigation" time="7.496"/>
  <system-out/>
</testsuite> <!-- Academy.E2EProject.homepageNavigation -->
