<?xml version="1.0" encoding="UTF-8"?>
<!-- Generated by org.testng.reporters.JUnitReportReporter -->
<testsuite hostname="LAPTOP-UIF2ROIV" failures="0" tests="1" name="Academy.E2EProject.landingpageNavigation" time="0.099" errors="0" timestamp="2020-11-06T18:45:55 IST" skipped="0">
  <testcase classname="Academy.E2EProject.landingpageNavigation" name="landingPagenavigation" time="0.099"/>
  <system-out/>
</testsuite> <!-- Academy.E2EProject.landingpageNavigation -->
