<?xml version="1.0" encoding="UTF-8"?>
<!-- Generated by org.testng.reporters.JUnitReportReporter -->
<testsuite hostname="LAPTOP-UIF2ROIV" failures="0" tests="2" name="Academy.E2EProject.LoginPageNavigation" time="12.435" errors="0" timestamp="2020-11-06T18:45:55 IST" skipped="0">
  <testcase classname="Academy.E2EProject.LoginPageNavigation" name="LoginPagenavigation" time="6.275"/>
  <system-out/>
  <testcase classname="Academy.E2EProject.LoginPageNavigation" name="LoginPagenavigation" time="6.160"/>
  <system-out/>
</testsuite> <!-- Academy.E2EProject.LoginPageNavigation -->
